/zfshome/sunam230/.conda/envs/anvio-8/opt/quast-5.2.0/quast.py -t 6 -m 1000 --min-identity 90.0 final.contigs.fa -o /work_beegfs/sunam230/Metagenomics/3_metaquast_out --labels final.contigs

Version: 5.2.0

System information:
  OS: Linux-4.18.0-372.9.1.el8.x86_64-x86_64-with-glibc2.28 (linux_64)
  Python version: 3.10.13
  CPUs number: 32

Started: 2024-01-24 11:12:24

Logging to /work_beegfs/sunam230/Metagenomics/3_metaquast_out/quast.log
NOTICE: Output directory already exists and looks like a QUAST output dir. Existing results can be reused (e.g. previously generated alignments)!

CWD: /work_beegfs/sunam230/Metagenomics/3_coassembly
Main parameters: 
  MODE: meta, threads: 6, min contig length: 1000, min alignment length: 65, min alignment IDY: 90.0, \
  ambiguity: one, min local misassembly length: 200, min extensive misassembly length: 1000

Contigs:
  Pre-processing...
  final.contigs.fa ==> final.contigs

2024-01-24 11:12:29
Running Basic statistics processor...
  Contig files: 
    final.contigs
  Calculating N50 and L50...
    final.contigs, N50 = 2963, L50 = 9314, auN = 11682.1, Total length = 145675865, GC % = 46.67, # N's per 100 kbp =  0.00
  Drawing Nx plot...
    saved to /work_beegfs/sunam230/Metagenomics/3_metaquast_out/basic_stats/Nx_plot.pdf
  Drawing cumulative plot...
    saved to /work_beegfs/sunam230/Metagenomics/3_metaquast_out/basic_stats/cumulative_plot.pdf
  Drawing GC content plot...
    saved to /work_beegfs/sunam230/Metagenomics/3_metaquast_out/basic_stats/GC_content_plot.pdf
  Drawing final.contigs GC content plot...
    saved to /work_beegfs/sunam230/Metagenomics/3_metaquast_out/basic_stats/final.contigs_GC_content_plot.pdf
Done.

NOTICE: Genes are not predicted by default. Use --gene-finding or --glimmer option to enable it.

2024-01-24 11:13:02
Creating large visual summaries...
This may take a while: press Ctrl-C to skip this step..
  1 of 2: Creating PDF with all tables and plots...
  2 of 2: Creating Icarus viewers...
Done

2024-01-24 11:13:08
RESULTS:
  Text versions of total report are saved to /work_beegfs/sunam230/Metagenomics/3_metaquast_out/report.txt, report.tsv, and report.tex
  Text versions of transposed total report are saved to /work_beegfs/sunam230/Metagenomics/3_metaquast_out/transposed_report.txt, transposed_report.tsv, and transposed_report.tex
  HTML version (interactive tables and plots) is saved to /work_beegfs/sunam230/Metagenomics/3_metaquast_out/report.html
  PDF version (tables and plots) is saved to /work_beegfs/sunam230/Metagenomics/3_metaquast_out/report.pdf
  Icarus (contig browser) is saved to /work_beegfs/sunam230/Metagenomics/3_metaquast_out/icarus.html
  Log is saved to /work_beegfs/sunam230/Metagenomics/3_metaquast_out/quast.log

Finished: 2024-01-24 11:13:08
Elapsed time: 0:00:44.461737
NOTICEs: 2; WARNINGs: 0; non-fatal ERRORs: 0

Thank you for using QUAST!
